07:16:14 >> mkdir:/notebooks/(78条消息) 对倒立摆的LQR控制_-Willing-的博客-CSDN博客_倒立摆lqr控制/
07:17:37 >> /notebooks/现代控制理论（刘豹）/markups.json server replied: Conflict
07:17:37 >> UpLoad error:/notebooks/现代控制理论（刘豹）/markups.json
07:19:03 >> /notebooks/点云库PCL学习教程（全）/manifest.json server replied: Conflict
07:19:03 >> UpLoad error:/notebooks/点云库PCL学习教程（全）/manifest.json
07:19:07 >> dav.jianguoyun.com
07:28:34 >> mkdir:/notebooks/点云库PCL学习教程（全）/imgfiles/
07:28:47 >> dav.jianguoyun.com
07:40:57 >> /notebooks/(78条消息) 对倒立摆的LQR控制_-Willing-的博客-CSDN博客_倒立摆lqr控制/imgfiles/0/383dab01557e122c6a2e504532192dec.point server replied: Conflict
07:40:57 >> UpLoad error:/notebooks/(78条消息) 对倒立摆的LQR控制_-Willing-的博客-CSDN博客_倒立摆lqr控制/imgfiles/0/383dab01557e122c6a2e504532192dec.point
07:42:20 >> dav.jianguoyun.com
07:49:32 >> /notebooks/(78条消息) 对倒立摆的LQR控制_-Willing-的博客-CSDN博客_倒立摆lqr控制/markups.json server replied: Conflict
07:49:33 >> UpLoad error:/notebooks/(78条消息) 对倒立摆的LQR控制_-Willing-的博客-CSDN博客_倒立摆lqr控制/markups.json
07:49:34 >> /notebooks/(78条消息) 对倒立摆的LQR控制_-Willing-的博客-CSDN博客_倒立摆lqr控制/markups.json server replied: Conflict
07:49:34 >> UpLoad error:/notebooks/(78条消息) 对倒立摆的LQR控制_-Willing-的博客-CSDN博客_倒立摆lqr控制/markups.json
12:09:00 >> dav.jianguoyun.com
20:41:45 >> /notebooks/(78条消息) 对倒立摆的LQR控制_-Willing-的博客-CSDN博客_倒立摆lqr控制/markups.json server replied: Conflict
20:41:46 >> UpLoad error:/notebooks/(78条消息) 对倒立摆的LQR控制_-Willing-的博客-CSDN博客_倒立摆lqr控制/markups.json
20:41:46 >> /notebooks/(78条消息) 对倒立摆的LQR控制_-Willing-的博客-CSDN博客_倒立摆lqr控制/imgfiles/0/a783b3c6112f9d7dbc4c676572804046.point server replied: Conflict
20:41:47 >> UpLoad error:/notebooks/(78条消息) 对倒立摆的LQR控制_-Willing-的博客-CSDN博客_倒立摆lqr控制/imgfiles/0/a783b3c6112f9d7dbc4c676572804046.point
20:41:47 >> /notebooks/现代控制理论（刘豹）/markups.json server replied: Conflict
20:41:48 >> UpLoad error:/notebooks/现代控制理论（刘豹）/markups.json
