14:54:20 >> dav.jianguoyun.com
14:56:24 >> /BooksLibrary/《ORB-SLAM2源码解析》学习手册/《ORB-SLAM2源码解析》学习手册.pdf server replied: Conflict
14:56:24 >> /BooksLibrary/《ORB-SLAM2源码解析》学习手册/SLAM十四讲_小白学视觉.pdf server replied: Conflict
14:56:25 >> /BooksLibrary/（原书第3版）_（美）HLHN J.CRAIG著  O超等译/（原书第3版）_（美）HLHN J.CRAIG著  O超等译.pdf server replied: Conflict
14:56:25 >> /BooksLibrary/使用export设置环境变量-eriolchan-ChinaUnix博客/使用export设置环境变量-eriolchan-ChinaUnix博客.pdf server replied: Conflict
14:56:26 >> /BooksLibrary/数字图像处理（第四版）Digital Image Processing，Fourth Editio/数字图像处理（第四版）Digital Image Processing，Fourth Editio.pdf server replied: Conflict
14:56:26 >> /BooksLibrary/c++ 函数后面加一个冒号的含义 - 陈木 - 博客园/c++ 函数后面加一个冒号的含义 - 陈木 - 博客园.pdf server replied: Conflict
14:56:27 >> /BooksLibrary/(450条消息) markdown编辑器语法――文字颜色、大小、字体与背景色的设置_一步一个脚印-CSDN博客_markdown 颜色/(450条消息) markdown编辑器语法――文字颜色、大小、字体与背景色的设置_一步一个脚印-CSDN博客_markdown 颜色.pdf server replied: Conflict
14:56:27 >> /BooksLibrary/(3 封私信 _ 33 条消息) 股票的价格是怎么得出来的？ - 知乎/(3 封私信 _ 33 条消息) 股票的价格是怎么得出来的？ - 知乎.pdf server replied: Conflict
14:56:28 >> /BooksLibrary/第5章 (1)/第5章 (1).pdf server replied: Conflict
14:56:28 >> /BooksLibrary/Linux系统编程/Linux系统编程.pdf server replied: Conflict
14:56:29 >> /BooksLibrary/股市趋势技术分析（原书第10版）_nodrm/股市趋势技术分析（原书第10版）_nodrm.pdf server replied: Conflict
14:56:29 >> /BooksLibrary/STM32――栈、堆、全局区、常量区、代码区、RAM、ROM - STM32 - 论坛-意法半导体STM32_STM8技术社区/STM32――栈、堆、全局区、常量区、代码区、RAM、ROM - STM32 - 论坛-意法半导体STM32_STM8技术社区.pdf server replied: Conflict
14:56:30 >> /BooksLibrary/被讨厌的勇气自我启发之父阿德勒的哲学课/被讨厌的勇气自我启发之父阿德勒的哲学课.pdf server replied: Conflict
14:56:30 >> /BooksLibrary/(12条消息) 指向函数的指针 ------ 函数指针（function pointer）_str999_cn的博客-CSDN博客_指向函数的指针/(12条消息) 指向函数的指针 ------ 函数指针（function pointer）_str999_cn的博客-CSDN博客_指向函数的指针.pdf server replied: Conflict
14:56:31 >> /BooksLibrary/STM32调试方式JTAG&SWD的区别（一）-百度经验/STM32调试方式JTAG&SWD的区别（一）-百度经验.pdf server replied: Conflict
14:56:31 >> /BooksLibrary/《 流畅的 Python（中文版）》 PDF电子书 带书签目录 高清完整版/《 流畅的 Python（中文版）》 PDF电子书 带书签目录 高清完整版.pdf server replied: Conflict
14:56:32 >> /BooksLibrary/(12条消息) markdown改变字体颜色及背景颜色_阿萨德夫的博客-CSDN博客_markdown红色字体/(12条消息) markdown改变字体颜色及背景颜色_阿萨德夫的博客-CSDN博客_markdown红色字体.pdf server replied: Conflict
14:56:32 >> /BooksLibrary/OpenCV 图像滤波：双边滤波算法 - 简书/OpenCV 图像滤波：双边滤波算法 - 简书.pdf server replied: Conflict
14:56:33 >> /BooksLibrary/C++提高编程PDF版/C++提高编程PDF版.pdf server replied: Conflict
14:56:33 >> /BooksLibrary/FLANN中的k-d tree与八叉树 - 知乎/FLANN中的k-d tree与八叉树 - 知乎.pdf server replied: Conflict
14:56:34 >> /BooksLibrary/第4章 (2)/第4章 (2).pdf server replied: Conflict
14:56:34 >> /BooksLibrary/(13条消息) [点云] PCL点云滤波与实现_火柴的初心的博客-CSDN博客_pcl 点云滤波/(13条消息) [点云] PCL点云滤波与实现_火柴的初心的博客-CSDN博客_pcl 点云滤波.pdf server replied: Conflict
14:56:35 >> /BooksLibrary/1_【知识星球】理解图优化，一步步带你看懂g2o框架/1_【知识星球】理解图优化，一步步带你看懂g2o框架.pdf server replied: Conflict
14:56:35 >> /BooksLibrary/Linux中PATH环境变量的作用和使用方法 - rainbow70626 - 博客园/Linux中PATH环境变量的作用和使用方法 - rainbow70626 - 博客园.pdf server replied: Conflict
14:56:36 >> /BooksLibrary/(33条消息) 光流法小结_GH_HOME的博客-CSDN博客_光流法/(33条消息) 光流法小结_GH_HOME的博客-CSDN博客_光流法.pdf server replied: Conflict
14:56:36 >> /BooksLibrary/(27条消息) Shi-Tomasi角点检测_jonson_zc的博客-CSDN博客_shitomasi角点检测/(27条消息) Shi-Tomasi角点检测_jonson_zc的博客-CSDN博客_shitomasi角点检测.pdf server replied: Conflict
14:56:37 >> /BooksLibrary/(46条消息) C++11之for循环的新用法 for（：）语句_Jeff_的博客-CSDN博客_c++ for(_)/(46条消息) C++11之for循环的新用法 for（：）语句_Jeff_的博客-CSDN博客_c++ for(_).pdf server replied: Conflict
14:56:37 >> /BooksLibrary/(28条消息) 【2020最新】ip 、子网掩码、 网关、 DNS概念梳理_会时的博客-CSDN博客_dns子网掩码/(28条消息) 【2020最新】ip 、子网掩码、 网关、 DNS概念梳理_会时的博客-CSDN博客_dns子网掩码.pdf server replied: Conflict
14:56:38 >> /BooksLibrary/字符编码中ASCII、Unicode和UTF-8的区别 - 野生夜神月 - 博客园/字符编码中ASCII、Unicode和UTF-8的区别 - 野生夜神月 - 博客园.pdf server replied: Conflict
14:56:38 >> /BooksLibrary/(20条消息) C++中方括号[]的作用总结_放荡不羁笑点低233的博客-CSDN博客_c++中括号的用法/(20条消息) C++中方括号[]的作用总结_放荡不羁笑点低233的博客-CSDN博客_c++中括号的用法.pdf server replied: Conflict
14:56:39 >> /BooksLibrary/(62条消息) 光流法：Farneback_xholes的博客-CSDN博客_farneback算法/(62条消息) 光流法：Farneback_xholes的博客-CSDN博客_farneback算法.pdf server replied: Conflict
14:56:39 >> /BooksLibrary/ORB_SLAM1/ORB_SLAM1.pdf server replied: Conflict
14:56:40 >> /BooksLibrary/机器人学习必看系列：如何使用moveit控制真实机械臂？/机器人学习必看系列：如何使用moveit控制真实机械臂？.pdf server replied: Conflict
14:56:40 >> /BooksLibrary/matlab教程/matlab教程.pdf server replied: Conflict
14:56:41 >> /BooksLibrary/(42条消息) RANSAC基本原理_泠山的博客-CSDN博客_ransac原理/(42条消息) RANSAC基本原理_泠山的博客-CSDN博客_ransac原理.pdf server replied: Conflict
14:56:41 >> /BooksLibrary/坤鹏论：公司上市之初的股票发行价格是如何确定的？/坤鹏论：公司上市之初的股票发行价格是如何确定的？.pdf server replied: Conflict
14:56:42 >> /BooksLibrary/(44条消息) gcc 头文件查找路径_crazy_programmer_p的博客-CSDN博客_gcc头文件搜索路径/(44条消息) gcc 头文件查找路径_crazy_programmer_p的博客-CSDN博客_gcc头文件搜索路径.pdf server replied: Conflict
14:56:42 >> /BooksLibrary/现控期末小炒/现控期末小炒.pdf server replied: Conflict
14:56:43 >> /BooksLibrary/(22条消息) printf()输出类型_Sm_Joker的博客-CSDN博客_printf输出char/(22条消息) printf()输出类型_Sm_Joker的博客-CSDN博客_printf输出char.pdf server replied: Conflict
14:56:43 >> /BooksLibrary/matlab内联函数/matlab内联函数.pdf server replied: Conflict
14:56:44 >> /BooksLibrary/Linux常用命令学习 - gaojun - 博客园/Linux常用命令学习 - gaojun - 博客园.pdf server replied: Conflict
14:56:44 >> /BooksLibrary/Markdown语法之绘制流程图 - 简书/Markdown语法之绘制流程图 - 简书.pdf server replied: Conflict
14:56:45 >> /BooksLibrary/(20条消息) delete[]p和delete p的区别.md_七月之雨的博客-CSDN博客/(20条消息) delete[]p和delete p的区别.md_七月之雨的博客-CSDN博客.pdf server replied: Conflict
14:56:45 >> /BooksLibrary/单片机原理及接口技术(李朝青)/单片机原理及接口技术(李朝青).pdf server replied: Conflict
14:56:46 >> /BooksLibrary/概率机器人中文/概率机器人中文.pdf server replied: Conflict
14:56:46 >> /BooksLibrary/(39条消息) 奇异值分解（SVD）原理总结_小白学视觉的博客-CSDN博客/(39条消息) 奇异值分解（SVD）原理总结_小白学视觉的博客-CSDN博客.pdf server replied: Conflict
14:56:47 >> /BooksLibrary/(46条消息) C：exit(0)，_exit(0)，exit(1)，exit(-1)作用与区别_KinooH的博客-CSDN博客_exit(0)/(46条消息) C：exit(0)，_exit(0)，exit(1)，exit(-1)作用与区别_KinooH的博客-CSDN博客_exit(0).pdf server replied: Conflict
14:56:47 >> /BooksLibrary/现代控制理论（刘豹）/现代控制理论（第三版） 刘豹 唐万生.pdf server replied: Conflict
14:56:48 >> /BooksLibrary/FreeRTOS入门手册_中文/FreeRTOS入门手册_中文.pdf server replied: Conflict
14:56:48 >> /BooksLibrary/C++Day1笔记（基础的补充）/C++Day1笔记（基础的补充）.pdf server replied: Conflict
14:56:49 >> /BooksLibrary/第1章 (1)/第1章 (1).pdf server replied: Conflict
14:56:50 >> /BooksLibrary/第3章 (2)/第3章 (2).pdf server replied: Conflict
14:56:50 >> /BooksLibrary/(17条消息) 【matlab】_matlab如何写函数并且调用函数？_seen_in_hw的博客-CSDN博客_matlab调用函数/(17条消息) 【matlab】_matlab如何写函数并且调用函数？_seen_in_hw的博客-CSDN博客_matlab调用函数.pdf server replied: Conflict
14:56:50 >> /BooksLibrary/G2O一种图优化的通用框架（小白 中文翻译版）/G2O一种图优化的通用框架（小白 中文翻译版）.pdf server replied: Conflict
14:56:51 >> /BooksLibrary/(448条消息) Linux的set命令_SnailTyan-CSDN博客_linux set命令/(448条消息) Linux的set命令_SnailTyan-CSDN博客_linux set命令.pdf server replied: Conflict
14:56:51 >> /BooksLibrary/S-function的实现/S-function的实现.pdf server replied: Conflict
14:56:52 >> /BooksLibrary/matlab中的静态变量与全局变量 - Y表体 - 博客园/matlab中的静态变量与全局变量 - Y表体 - 博客园.pdf server replied: Conflict
14:56:52 >> /BooksLibrary/ORB-SLAM2详解代码/ORB-SLAM2详解代码.pdf server replied: Conflict
14:56:53 >> /BooksLibrary/2.STM32运动底盘开发手册20200930/2.STM32运动底盘开发手册20200930.pdf server replied: Conflict
14:56:53 >> /BooksLibrary/点云库PCL学习教程（全）/点云库PCL学习教程（全）.pdf server replied: Conflict
14:56:54 >> /BooksLibrary/(129条消息) 点云配准介绍_秋无所畏惧的博客-CSDN博客_点云配准/(129条消息) 点云配准介绍_秋无所畏惧的博客-CSDN博客_点云配准.pdf server replied: Conflict
14:56:54 >> /BooksLibrary/高等工程数学（于寅 著）第四版/高等工程数学（于寅 著）第四版.pdf server replied: Conflict
14:56:56 >> /BooksLibrary/(22条消息) 深入 理解char _ ,char __ ,char a[ ] ,char _a[] 的区别_左庶长的博客-CSDN博客_char_/(22条消息) 深入 理解char _ ,char __ ,char a[ ] ,char _a[] 的区别_左庶长的博客-CSDN博客_char_.pdf server replied: Conflict
14:56:56 >> /BooksLibrary/(28条消息) LaTeX数学公式-详细教程_NSJim的博客-CSDN博客_latex数学公式/(28条消息) LaTeX数学公式-详细教程_NSJim的博客-CSDN博客_latex数学公式.pdf server replied: Conflict
14:56:56 >> /BooksLibrary/数组作为函数形式参数的使用学习 - ^__^ - 博客园/数组作为函数形式参数的使用学习 - ^__^ - 博客园.pdf server replied: Conflict
14:56:57 >> /BooksLibrary/(45条消息) C++数据结构之迭代器（十七）__123杨子江的博客-CSDN博客/(45条消息) C++数据结构之迭代器（十七）__123杨子江的博客-CSDN博客.pdf server replied: Conflict
14:56:57 >> /BooksLibrary/SVD分解_醉翁之意不在酒_的博客-CSDN博客_svd分解/SVD分解_醉翁之意不在酒_的博客-CSDN博客_svd分解.pdf server replied: Conflict
14:56:58 >> /BooksLibrary/第4章 (1)/第4章 (1).pdf server replied: Conflict
14:56:58 >> /BooksLibrary/卡尔曼滤波详细解析 - 知乎/卡尔曼滤波详细解析 - 知乎.pdf server replied: Conflict
14:56:59 >> /BooksLibrary/(450条消息) 用vscode编写matlab_ICTBeginner 的博客-CSDN博客_matlab vscode/(450条消息) 用vscode编写matlab_ICTBeginner 的博客-CSDN博客_matlab vscode.pdf server replied: Conflict
14:56:59 >> /BooksLibrary/Matlab 编程入门（一）：编程基础 - Endlessp - 博客园/Matlab 编程入门（一）：编程基础 - Endlessp - 博客园.pdf server replied: Conflict
14:57:00 >> /BooksLibrary/(78条消息) 对倒立摆的LQR控制_-Willing-的博客-CSDN博客_倒立摆lqr控制/(78条消息) 对倒立摆的LQR控制_-Willing-的博客-CSDN博客_倒立摆lqr控制.pdf server replied: Conflict
14:57:00 >> /BooksLibrary/(9条消息) 图像中矩的概念_胖子工作室的博客-CSDN博客_图像矩/(9条消息) 图像中矩的概念_胖子工作室的博客-CSDN博客_图像矩.pdf server replied: Conflict
14:57:01 >> /BooksLibrary/(46条消息) OpenCV――通道分离和合并_我有一粝氲牟┛-CSDN博客_opencv通道分离/(46条消息) OpenCV――通道分离和合并_我有一粝氲牟┛-CSDN博客_opencv通道分离.pdf server replied: Conflict
14:57:01 >> /BooksLibrary/传感器标定之手眼标定（一） - 知乎/传感器标定之手眼标定（一） - 知乎.pdf server replied: Conflict
14:57:02 >> /BooksLibrary/matlab匿名函数/matlab匿名函数.pdf server replied: Conflict
14:57:02 >> /BooksLibrary/机器学习_13974463/机器学习_13974463.pdf server replied: Conflict
14:57:03 >> /BooksLibrary/(11条消息) 通过函数的入口地址来调用函数_S意的L的博客-CSDN博客_通过地址调用函数/(11条消息) 通过函数的入口地址来调用函数_S意的L的博客-CSDN博客_通过地址调用函数.pdf server replied: Conflict
14:57:03 >> /BooksLibrary/炒股的智慧  在华尔街炒股为生的体验_12796129B5.166/炒股的智慧  在华尔街炒股为生的体验_12796129B5.166.pdf server replied: Conflict
14:57:04 >> /BooksLibrary/常见点云滤波算法 - 简书/常见点云滤波算法 - 简书.pdf server replied: Conflict
14:57:04 >> /BooksLibrary/正态分布变换NDT（Normal Distributions Transform）算法_sru_alo的博客-CSDN博客_正态分布变换/正态分布变换NDT（Normal Distributions Transform）算法_sru_alo的博客-CSDN博客_正态分布变换.pdf server replied: Conflict
14:57:05 >> /BooksLibrary/LINUX内核设计与实现  原书第3版_12786079/LINUX内核设计与实现  原书第3版_12786079.pdf server replied: Conflict
14:57:05 >> /BooksLibrary/普中STM32F1xx开发攻略/普中STM32F1xx开发攻略.pdf server replied: Conflict
14:57:06 >> /BooksLibrary/JSON 语法 _ w3cschool菜鸟教程/JSON 语法 _ w3cschool菜鸟教程.pdf server replied: Conflict
14:57:06 >> /BooksLibrary/ZLAC8015 CANopen通信例程Version 1.03/ZLAC8015 CANopen通信例程Version 1.03.pdf server replied: Conflict
14:57:07 >> /BooksLibrary/张宇30讲/张宇30讲.pdf server replied: Conflict
14:57:07 >> /BooksLibrary/第1章 (2)/第1章 (2) .pdf server replied: Conflict
14:57:08 >> /BooksLibrary/C++基础入门/C++基础入门.pdf server replied: Conflict
14:57:08 >> /BooksLibrary/K-Means（聚类）_sinat_36710456的博客-CSDN博客_k-means/K-Means（聚类）_sinat_36710456的博客-CSDN博客_k-means.pdf server replied: Conflict
14:57:09 >> /BooksLibrary/(21条消息) RANSAC基本原理_泠山的博客-CSDN博客_ransac算法原理/(21条消息) RANSAC基本原理_泠山的博客-CSDN博客_ransac算法原理.pdf server replied: Conflict
14:57:09 >> /BooksLibrary/卖空与做空 区别_百度知道/卖空与做空 区别_百度知道.pdf server replied: Conflict
14:57:10 >> /BooksLibrary/自动控制原理第五版（胡寿松）/自动控制原理第五版（胡寿松）.pdf server replied: Conflict
14:57:10 >> /BooksLibrary/Python极客项目编程/Python极客项目编程 .pdf server replied: Conflict
14:57:11 >> /BooksLibrary/(84条消息) MATLAB_stateflow_1_井底之蛤的博客-CSDN博客_matlab stateflow/(84条消息) MATLAB_stateflow_1_井底之蛤的博客-CSDN博客_matlab stateflow.pdf server replied: Conflict
14:57:11 >> /BooksLibrary/(26条消息) Linux用户和用户组（包含两者之间的关系）_bobuddy的博客-CSDN博客_用户与用户组之间的关系/(26条消息) Linux用户和用户组（包含两者之间的关系）_bobuddy的博客-CSDN博客_用户与用户组之间的关系.pdf server replied: Conflict
14:57:12 >> /BooksLibrary/SLAM十四讲_小白学视觉/SLAM十四讲_小白学视觉.pdf server replied: Conflict
14:57:12 >> /BooksLibrary/大话数据结构/大话数据结构.pdf server replied: Conflict
14:57:13 >> /BooksLibrary/(62条消息) meanshift算法通俗讲解_first_adam的博客-CSDN博客_meanshift/(62条消息) meanshift算法通俗讲解_first_adam的博客-CSDN博客_meanshift.pdf server replied: Conflict
14:57:13 >> /BooksLibrary/(450条消息) 在markdown中如何空格和换行（使用HTML标记）_Mr____Cheng的博客-CSDN博客_markdown 换行标签/(450条消息) 在markdown中如何空格和换行（使用HTML标记）_Mr____Cheng的博客-CSDN博客_markdown 换行标签.pdf server replied: Conflict
14:57:14 >> /BooksLibrary/第2章 (2)/第2章 (2).pdf server replied: Conflict
14:57:14 >> /BooksLibrary/C++Day1讲义（基础的补充）/C++Day1讲义（基础的补充）.pdf server replied: Conflict
14:57:15 >> /BooksLibrary/C++核心编程/C++核心编程.pdf server replied: Conflict
14:57:15 >> /BooksLibrary/学习OpenCV 3 中文版/学习OpenCV 3 中文版.pdf server replied: Conflict
14:57:16 >> /BooksLibrary/亲密关系(第6版) 罗兰米勒/亲密关系(第6版) 罗兰米勒.epub server replied: Conflict
14:57:16 >> /BooksLibrary/(45条消息) 八叉树_ideallic的博客-CSDN博客_八叉树/(45条消息) 八叉树_ideallic的博客-CSDN博客_八叉树.pdf server replied: Conflict
14:57:17 >> /BooksLibrary/CANopen_easy_begin/CANopen_easy_begin.pdf server replied: Conflict
14:57:17 >> /BooksLibrary/第2章 (1)/第2章 (1).pdf server replied: Conflict
14:57:18 >> /BooksLibrary/高等数学 第7版 上册 同济大学/高等数学 第7版 上册 同济大学.pdf server replied: Conflict
14:57:18 >> /BooksLibrary/(26条消息) linux如何查看所有的用户和组信息？_早安试言的博客-CSDN博客_linux查看用户组和用户/(26条消息) linux如何查看所有的用户和组信息？_早安试言的博客-CSDN博客_linux查看用户组和用户.pdf server replied: Conflict
14:57:19 >> /BooksLibrary/Windows环境变量的配置 - xijie0101 - 博客园/Windows环境变量的配置 - xijie0101 - 博客园.pdf server replied: Conflict
14:57:19 >> /BooksLibrary/ORB-SLAM2 - An Open-Source SLAM System for Monocular, Stereo/ORB-SLAM2 - An Open-Source SLAM System for Monocular, Stereo.pdf server replied: Conflict
14:57:20 >> /BooksLibrary/(30条消息) Kd-tree原理与实现_guoziqing506的博客-CSDN博客_kd-tree/(30条消息) Kd-tree原理与实现_guoziqing506的博客-CSDN博客_kd-tree.pdf server replied: Conflict
14:57:20 >> /BooksLibrary/简明 Python 教程/简明 Python 教程.pdf server replied: Conflict
14:57:21 >> /BooksLibrary/(83条消息) s-function的介绍_无所畏惧的痞子书生的博客-CSDN博客_s函数/(83条消息) s-function的介绍_无所畏惧的痞子书生的博客-CSDN博客_s函数.pdf server replied: Conflict
14:57:21 >> /BooksLibrary/Linux下使用CMake进行编译的时候寻找Boost库 - DoubleLi - 博客园/Linux下使用CMake进行编译的时候寻找Boost库 - DoubleLi - 博客园.pdf server replied: Conflict
14:57:22 >> /BooksLibrary/Markdown基本语法 - 简书/Markdown基本语法 - 简书.pdf server replied: Conflict
14:57:22 >> /BooksLibrary/(448条消息) Linux系统的环境变量_linda公馆的博客-CSDN博客/(448条消息) Linux系统的环境变量_linda公馆的博客-CSDN博客.pdf server replied: Conflict
14:57:23 >> /BooksLibrary/typedef的用法，C语言typedef详解/typedef的用法，C语言typedef详解.pdf server replied: Conflict
14:57:23 >> /BooksLibrary/最小二乘拟合平面(C++版) - 知乎/最小二乘拟合平面(C++版) - 知乎.pdf server replied: Conflict
14:57:24 >> /BooksLibrary/第3章 (1)/第3章 (1).pdf server replied: Conflict
14:57:24 >> /BooksLibrary/(129条消息) 【三维点云配准】4PCS算法实现点云粗配准_点云兔子的博客-CSDN博客_点云粗配准算法/(129条消息) 【三维点云配准】4PCS算法实现点云粗配准_点云兔子的博客-CSDN博客_点云粗配准算法.pdf server replied: Conflict
14:57:25 >> /BooksLibrary/第5章(2)/第5章(2).pdf server replied: Conflict
14:57:25 >> /BooksLibrary/(45条消息) KD-tree的原理以及构建与查询操作的python实现_天才暴风的博客-CSDN博客_kd-tree python/(45条消息) KD-tree的原理以及构建与查询操作的python实现_天才暴风的博客-CSDN博客_kd-tree python.pdf server replied: Conflict
14:57:26 >> /BooksLibrary/ORB-SLAM3论文翻译/ORB-SLAM3论文翻译.pdf server replied: Conflict
14:57:26 >> /BooksLibrary/ORB-SLAM3论文翻译/ORB_SLAM3.pdf server replied: Conflict
14:57:27 >> /BooksLibrary/(21条消息) opencv多边形拟合曲线approxPolyDP()函数_岁月神偷小拳拳的博客-CSDN博客_approxpolydp/(21条消息) opencv多边形拟合曲线approxPolyDP()函数_岁月神偷小拳拳的博客-CSDN博客_approxpolydp.pdf server replied: Conflict
14:57:27 >> /BooksLibrary/ICP(Iterative Closest Point)算法_Nie_Xun的博客-CSDN博客_icp算法流程图/ICP(Iterative Closest Point)算法_Nie_Xun的博客-CSDN博客_icp算法流程图.pdf server replied: Conflict
14:57:28 >> /BooksLibrary/如何让你爱的人爱上你 (青豆书坊_两性心理书系)/如何让你爱的人爱上你 (青豆书坊_两性心理书系).epub server replied: Conflict
14:57:28 >> /BooksLibrary/(54条消息) Harris角点检测原理详解_lwzkiller的博客-CSDN博客_harris角点检测原理/(54条消息) Harris角点检测原理详解_lwzkiller的博客-CSDN博客_harris角点检测原理.pdf server replied: Conflict
14:57:29 >> /BooksLibrary/(20条消息) 13，matlab中的 classdef定义类的使用_橘子甜不甜的博客-CSDN博客_classdef/(20条消息) 13，matlab中的 classdef定义类的使用_橘子甜不甜的博客-CSDN博客_classdef.pdf server replied: Conflict
14:57:29 >> /BooksLibrary/基于阿克曼原理的运动学建模/基于阿克曼原理的运动学建模.pdf server replied: Conflict
14:57:30 >> /BooksLibrary/STM32中文参考手册/STM32中文参考手册 .pdf server replied: Conflict
14:57:30 >> /BooksLibrary/UM_N32G030系列用户手册V1.0/UM_N32G030系列用户手册V1.0.pdf server replied: Conflict
14:57:31 >> /BooksLibrary/(9条消息) 中心矩和原点矩_概率论中的“矩”是什么意思_Thomas杨大炮的博客-CSDN博客/(9条消息) 中心矩和原点矩_概率论中的“矩”是什么意思_Thomas杨大炮的博客-CSDN博客.pdf server replied: Conflict
14:57:31 >> /BooksLibrary/[数据结构(C语言版)].严蔚敏_吴伟民2009年扫描版带目录/[数据结构(C语言版)].严蔚敏_吴伟民2009年扫描版带目录.pdf server replied: Conflict
14:57:32 >> /BooksLibrary/ORB_SLAM3/ORB_SLAM3.pdf server replied: Conflict
14:57:32 >> /BooksLibrary/ORB-SLAM3课程电子书【课件】/ORB-SLAM3课程电子书【课件】.pdf server replied: Conflict
14:57:33 >> /BooksLibrary/男人来自火星 女人来自金星1/男人来自火星 女人来自金星1.pdf server replied: Conflict
18:00:33 >> /notebooks/股市趋势技术分析（原书第10版）_nodrm/markups.json server replied: Conflict
18:00:34 >> UpLoad error:/notebooks/股市趋势技术分析（原书第10版）_nodrm/markups.json
