12:50:32 >> dav.jianguoyun.com
18:25:56 >> UpLoad file:/notebooks/CMake Practice/markups.json
20:21:09 >> dav.jianguoyun.com
21:23:45 >> mkdir:/notebooks/Shell入门教程/
21:23:46 >> /notebooks/Shell入门教程/cover.png server replied: Not Found
21:23:47 >> UpLoad file:/notebooks/Shell入门教程/cover.png
21:23:48 >> /notebooks/Shell入门教程/manifest.json server replied: Not Found
21:23:49 >> UpLoad file:/notebooks/Shell入门教程/manifest.json
21:23:50 >> UpLoad file:/notebooks/manifest.json
21:23:51 >> /notebooks/Shell入门教程/markups.json server replied: Not Found
21:23:52 >> UpLoad file:/notebooks/Shell入门教程/markups.json
21:23:52 >> mkdir:/notebooks/Shell入门教程/imgfiles/
21:23:53 >> /notebooks/Shell入门教程/imgfiles/b4eacaa325be0b37d2d38e62d32ff0d1.png server replied: Not Found
21:23:54 >> UpLoad file:/notebooks/Shell入门教程/imgfiles/b4eacaa325be0b37d2d38e62d32ff0d1.png
21:23:54 >> mkdir:/notebooks/Shell入门教程/resources/
21:23:55 >> /notebooks/Shell入门教程/resources/cover_0.png server replied: Not Found
21:23:56 >> UpLoad file:/notebooks/Shell入门教程/resources/cover_0.png
21:23:56 >> /notebooks/Shell入门教程/resources/cover_1.png server replied: Not Found
21:23:57 >> UpLoad file:/notebooks/Shell入门教程/resources/cover_1.png
22:33:15 >> UpLoad file:/notebooks/manifest.json
22:33:16 >> /notebooks/Shell入门教程 有两本/markups.json server replied: Not Found
22:33:16 >> UpLoad error:/notebooks/Shell入门教程 有两本/markups.json
