11:09:21 >> dav.jianguoyun.com
11:10:29 >> dav.jianguoyun.com
20:47:35 >> UpLoad file:/notebooks/manifest.json
20:47:35 >> mkdir:/notebooks/PLP-SLAM_基于点、...特征融合的视觉SLAM方法_李海丰/
20:47:36 >> /notebooks/PLP-SLAM_基于点、...特征融合的视觉SLAM方法_李海丰/cover.png server replied: Not Found
20:47:37 >> UpLoad file:/notebooks/PLP-SLAM_基于点、...特征融合的视觉SLAM方法_李海丰/cover.png
20:47:37 >> /notebooks/PLP-SLAM_基于点、...特征融合的视觉SLAM方法_李海丰/manifest.json server replied: Not Found
20:47:38 >> UpLoad file:/notebooks/PLP-SLAM_基于点、...特征融合的视觉SLAM方法_李海丰/manifest.json
20:47:39 >> mkdir:/notebooks/点线特征融合的单目视觉里程计_袁梦/
20:47:39 >> /notebooks/点线特征融合的单目视觉里程计_袁梦/cover.png server replied: Not Found
20:47:40 >> UpLoad file:/notebooks/点线特征融合的单目视觉里程计_袁梦/cover.png
20:47:41 >> /notebooks/点线特征融合的单目视觉里程计_袁梦/manifest.json server replied: Not Found
20:47:42 >> UpLoad file:/notebooks/点线特征融合的单目视觉里程计_袁梦/manifest.json
20:47:42 >> mkdir:/notebooks/点线特征融合的双目视觉SLAM算法_陶交/
20:47:43 >> /notebooks/点线特征融合的双目视觉SLAM算法_陶交/cover.png server replied: Not Found
20:47:44 >> UpLoad file:/notebooks/点线特征融合的双目视觉SLAM算法_陶交/cover.png
20:47:44 >> /notebooks/点线特征融合的双目视觉SLAM算法_陶交/manifest.json server replied: Not Found
20:47:46 >> UpLoad file:/notebooks/点线特征融合的双目视觉SLAM算法_陶交/manifest.json
20:47:46 >> mkdir:/notebooks/基于点线特征的快速单目惯性SLAM算法_刘建军/
20:47:46 >> /notebooks/基于点线特征的快速单目惯性SLAM算法_刘建军/cover.png server replied: Not Found
20:47:47 >> UpLoad file:/notebooks/基于点线特征的快速单目惯性SLAM算法_刘建军/cover.png
20:47:48 >> /notebooks/基于点线特征的快速单目惯性SLAM算法_刘建军/manifest.json server replied: Not Found
20:47:49 >> UpLoad file:/notebooks/基于点线特征的快速单目惯性SLAM算法_刘建军/manifest.json
20:47:49 >> mkdir:/notebooks/基于点线特征融合的视觉惯性SLAM算法_赵伟博/
20:47:50 >> /notebooks/基于点线特征融合的视觉惯性SLAM算法_赵伟博/cover.png server replied: Not Found
20:47:51 >> UpLoad file:/notebooks/基于点线特征融合的视觉惯性SLAM算法_赵伟博/cover.png
20:47:51 >> /notebooks/基于点线特征融合的视觉惯性SLAM算法_赵伟博/manifest.json server replied: Not Found
20:47:52 >> UpLoad file:/notebooks/基于点线特征融合的视觉惯性SLAM算法_赵伟博/manifest.json
20:47:53 >> mkdir:/notebooks/基于点线特征视觉惯性融合的机器人SLAM算法_王立玲/
20:47:53 >> /notebooks/基于点线特征视觉惯性融合的机器人SLAM算法_王立玲/cover.png server replied: Not Found
20:47:54 >> UpLoad file:/notebooks/基于点线特征视觉惯性融合的机器人SLAM算法_王立玲/cover.png
20:47:55 >> /notebooks/基于点线特征视觉惯性融合的机器人SLAM算法_王立玲/manifest.json server replied: Not Found
20:47:56 >> UpLoad file:/notebooks/基于点线特征视觉惯性融合的机器人SLAM算法_王立玲/manifest.json
20:47:56 >> mkdir:/notebooks/融合点线特征的视觉惯性SLAM算法_付煜/
20:47:57 >> /notebooks/融合点线特征的视觉惯性SLAM算法_付煜/cover.png server replied: Not Found
20:47:58 >> UpLoad file:/notebooks/融合点线特征的视觉惯性SLAM算法_付煜/cover.png
20:47:58 >> /notebooks/融合点线特征的视觉惯性SLAM算法_付煜/manifest.json server replied: Not Found
20:47:59 >> UpLoad file:/notebooks/融合点线特征的视觉惯性SLAM算法_付煜/manifest.json
20:48:00 >> mkdir:/notebooks/线特征优化配置在室内RGB-D_SLAM系统中的应用_夏琳琳/
20:48:00 >> /notebooks/线特征优化配置在室内RGB-D_SLAM系统中的应用_夏琳琳/cover.png server replied: Not Found
20:48:01 >> UpLoad file:/notebooks/线特征优化配置在室内RGB-D_SLAM系统中的应用_夏琳琳/cover.png
20:48:02 >> /notebooks/线特征优化配置在室内RGB-D_SLAM系统中的应用_夏琳琳/manifest.json server replied: Not Found
20:48:03 >> UpLoad file:/notebooks/线特征优化配置在室内RGB-D_SLAM系统中的应用_夏琳琳/manifest.json
20:48:03 >> mkdir:/notebooks/一种基于LSD改进的室内直线特征匹配算法_李玉峰/
20:48:04 >> /notebooks/一种基于LSD改进的室内直线特征匹配算法_李玉峰/cover.png server replied: Not Found
20:48:05 >> UpLoad file:/notebooks/一种基于LSD改进的室内直线特征匹配算法_李玉峰/cover.png
20:48:05 >> /notebooks/一种基于LSD改进的室内直线特征匹配算法_李玉峰/manifest.json server replied: Not Found
20:48:06 >> UpLoad file:/notebooks/一种基于LSD改进的室内直线特征匹配算法_李玉峰/manifest.json
20:48:07 >> /notebooks/SLAM十四讲_小白学视觉/markups.json server replied: Not Found
20:48:07 >> UpLoad error:/notebooks/SLAM十四讲_小白学视觉/markups.json
20:48:08 >> /notebooks/张宇30讲/markups.json server replied: Not Found
20:48:09 >> UpLoad error:/notebooks/张宇30讲/markups.json
